<?xml version="1.0" encoding="UTF-8"?>
<testng-results ignored="0" total="2" passed="2" failed="0" skipped="0">
  <reporter-output>
  </reporter-output>
  <suite started-at="2026-04-19T14:22:46 IST" name="Suite" finished-at="2026-04-19T14:22:46 IST" duration-ms="38">
    <groups>
    </groups>
    <test started-at="2026-04-19T14:22:46 IST" name="Test" finished-at="2026-04-19T14:22:46 IST" duration-ms="38">
      <class name="sample.DemoTest">
        <test-method signature="case11()[pri:0, instance:sample.DemoTest@4278a03f]" started-at="2026-04-19T14:22:46 IST" name="case11" finished-at="2026-04-19T14:22:46 IST" duration-ms="0" status="PASS">
          <reporter-output>
          </reporter-output>
        </test-method> <!-- case11 -->
      </class> <!-- sample.DemoTest -->
      <class name="demo.SampleTest">
        <test-method signature="case11()[pri:0, instance:demo.SampleTest@30b7c004]" started-at="2026-04-19T14:22:46 IST" name="case11" finished-at="2026-04-19T14:22:46 IST" duration-ms="4" status="PASS">
          <reporter-output>
          </reporter-output>
        </test-method> <!-- case11 -->
      </class> <!-- demo.SampleTest -->
    </test> <!-- Test -->
  </suite> <!-- Suite -->
</testng-results>
