<?xml version="1.0" encoding="UTF-8"?>
<testng-results ignored="0" total="1" passed="1" failed="0" skipped="0">
  <reporter-output>
  </reporter-output>
  <suite started-at="2026-04-19T12:38:56 IST" name="Default suite" finished-at="2026-04-19T12:38:56 IST" duration-ms="74">
    <groups>
    </groups>
    <test started-at="2026-04-19T12:38:56 IST" name="Default test" finished-at="2026-04-19T12:38:56 IST" duration-ms="74">
      <class name="sample.DemoTest">
        <test-method signature="case11()[pri:0, instance:sample.DemoTest@65fb9ffc]" started-at="2026-04-19T12:38:56 IST" name="case11" finished-at="2026-04-19T12:38:56 IST" duration-ms="13" status="PASS">
          <reporter-output>
          </reporter-output>
        </test-method> <!-- case11 -->
      </class> <!-- sample.DemoTest -->
    </test> <!-- Default test -->
  </suite> <!-- Default suite -->
</testng-results>
