<?xml version="1.0" encoding="UTF-8"?>
<testng-results ignored="0" total="1" passed="1" failed="0" skipped="0">
  <reporter-output>
  </reporter-output>
  <suite started-at="2026-04-30T23:18:21 IST" name="Default suite" finished-at="2026-04-30T23:18:22 IST" duration-ms="64">
    <groups>
    </groups>
    <test started-at="2026-04-30T23:18:21 IST" name="Default test" finished-at="2026-04-30T23:18:22 IST" duration-ms="64">
      <class name="test.CaseTest">
        <test-method signature="Test1()[pri:0, instance:test.CaseTest@4802796d]" started-at="2026-04-30T23:18:22 IST" name="Test1" finished-at="2026-04-30T23:18:22 IST" duration-ms="11" status="PASS">
          <reporter-output>
          </reporter-output>
        </test-method> <!-- Test1 -->
      </class> <!-- test.CaseTest -->
    </test> <!-- Default test -->
  </suite> <!-- Default suite -->
</testng-results>
